[debug] [2021-04-07T00:21:45.868Z] ----------------------------------------------------------------------
[debug] [2021-04-07T00:21:45.869Z] Command:       /usr/bin/node /usr/bin/firebase deploy
[debug] [2021-04-07T00:21:45.870Z] CLI Version:   9.8.0
[debug] [2021-04-07T00:21:45.870Z] Platform:      linux
[debug] [2021-04-07T00:21:45.870Z] Node Version:  v15.13.0
[debug] [2021-04-07T00:21:45.870Z] Time:          Wed Apr 07 2021 05:51:45 GMT+0530 (India Standard Time)
[debug] [2021-04-07T00:21:45.870Z] ----------------------------------------------------------------------
[debug] 
[debug] [2021-04-07T00:21:45.874Z] > command requires scopes: ["email","openid","https://www.googleapis.com/auth/cloudplatformprojects.readonly","https://www.googleapis.com/auth/firebase","https://www.googleapis.com/auth/cloud-platform"]
[debug] [2021-04-07T00:21:45.874Z] > authorizing via signed-in user
[debug] [2021-04-07T00:21:45.874Z] [iam] checking project aaloksport for permissions ["datastore.indexes.create","datastore.indexes.delete","datastore.indexes.list","datastore.indexes.update","firebase.projects.get","firebasedatabase.instances.update","firebasehosting.sites.update","firebaserules.releases.create","firebaserules.releases.update","firebaserules.rulesets.create"]
[debug] [2021-04-07T00:21:45.875Z] >>> HTTP REQUEST POST https://cloudresourcemanager.googleapis.com/v1/projects/aaloksport:testIamPermissions  
 {"permissions":["datastore.indexes.create","datastore.indexes.delete","datastore.indexes.list","datastore.indexes.update","firebase.projects.get","firebasedatabase.instances.update","firebasehosting.sites.update","firebaserules.releases.create","firebaserules.releases.update","firebaserules.rulesets.create"]}
[debug] [2021-04-07T00:23:01.056Z] ----------------------------------------------------------------------
[debug] [2021-04-07T00:23:01.057Z] Command:       /usr/bin/node /usr/bin/firebase deploy
[debug] [2021-04-07T00:23:01.057Z] CLI Version:   9.8.0
[debug] [2021-04-07T00:23:01.057Z] Platform:      linux
[debug] [2021-04-07T00:23:01.057Z] Node Version:  v15.13.0
[debug] [2021-04-07T00:23:01.058Z] Time:          Wed Apr 07 2021 05:53:01 GMT+0530 (India Standard Time)
[debug] [2021-04-07T00:23:01.058Z] ----------------------------------------------------------------------
[debug] 
[debug] [2021-04-07T00:23:01.061Z] > command requires scopes: ["email","openid","https://www.googleapis.com/auth/cloudplatformprojects.readonly","https://www.googleapis.com/auth/firebase","https://www.googleapis.com/auth/cloud-platform"]
[debug] [2021-04-07T00:23:01.062Z] > authorizing via signed-in user
[debug] [2021-04-07T00:23:01.062Z] [iam] checking project aaloksport for permissions ["datastore.indexes.create","datastore.indexes.delete","datastore.indexes.list","datastore.indexes.update","firebase.projects.get","firebasedatabase.instances.update","firebasehosting.sites.update","firebaserules.releases.create","firebaserules.releases.update","firebaserules.rulesets.create"]
[debug] [2021-04-07T00:23:01.063Z] >>> HTTP REQUEST POST https://cloudresourcemanager.googleapis.com/v1/projects/aaloksport:testIamPermissions  
 {"permissions":["datastore.indexes.create","datastore.indexes.delete","datastore.indexes.list","datastore.indexes.update","firebase.projects.get","firebasedatabase.instances.update","firebasehosting.sites.update","firebaserules.releases.create","firebaserules.releases.update","firebaserules.rulesets.create"]}
